Middle_Retrofit/app/build/intermediates/manifest_merge_blame_file/debug/manifest-merger-blame-debug-report.txt
1<?xml version="1.0" encoding="utf-8"?>
2<manifest xmlns:android="http://schemas.android.com/apk/res/android"
3    package="com.example.middle_retrofit"
4    android:versionCode="1"
5    android:versionName="1.0" >
6
7    <uses-sdk
8        android:minSdkVersion="21"
8-->src\main\AndroidManifest.xml
9        android:targetSdkVersion="32" />
9-->src\main\AndroidManifest.xml
10    <!-- 인터넷을 사용할때 필수 -->
11    <uses-permission android:name="android.permission.INTERNET" />
11-->src\main\AndroidManifest.xml:5:5-67
11-->src\main\AndroidManifest.xml:5:22-64
12
13    <application
13-->src\main\AndroidManifest.xml:7:5-38:19
14        android:allowBackup="true"
14-->src\main\AndroidManifest.xml:8:9-35
15        android:appComponentFactory="androidx.core.app.CoreComponentFactory"
15-->[androidx.core:core:1.8.0] AndroidManifest.xml:24:18-86
16        android:dataExtractionRules="@xml/data_extraction_rules"
16-->src\main\AndroidManifest.xml:9:9-65
17        android:debuggable="true"
18        android:fullBackupContent="@xml/backup_rules"
18-->src\main\AndroidManifest.xml:10:9-54
19        android:icon="@mipmap/ic_launcher"
19-->src\main\AndroidManifest.xml:11:9-43
20        android:label="@string/app_name"
20-->src\main\AndroidManifest.xml:12:9-41
21        android:roundIcon="@mipmap/ic_launcher_round"
21-->src\main\AndroidManifest.xml:13:9-54
22        android:supportsRtl="true"
22-->src\main\AndroidManifest.xml:14:9-35
23        android:testOnly="true"
24        android:theme="@style/Theme.Middle_Retrofit"
24-->src\main\AndroidManifest.xml:15:9-53
25        android:usesCleartextTraffic="true" >
25-->src\main\AndroidManifest.xml:16:9-44
26        <activity
26-->src\main\AndroidManifest.xml:18:9-24:20
27            android:name="com.example.middle_retrofit.TestActivity"
27-->src\main\AndroidManifest.xml:19:13-41
28            android:exported="false" >
28-->src\main\AndroidManifest.xml:20:13-37
29            <meta-data
29-->src\main\AndroidManifest.xml:21:13-23:36
30                android:name="android.app.lib_name"
30-->src\main\AndroidManifest.xml:22:17-52
31                android:value="" />
31-->src\main\AndroidManifest.xml:23:17-33
32        </activity>
33        <activity
33-->src\main\AndroidManifest.xml:25:9-37:20
34            android:name="com.example.middle_retrofit.MainActivity"
34-->src\main\AndroidManifest.xml:26:13-41
35            android:exported="true" >
35-->src\main\AndroidManifest.xml:27:13-36
36            <intent-filter>
36-->src\main\AndroidManifest.xml:28:13-32:29
37                <action android:name="android.intent.action.MAIN" />
37-->src\main\AndroidManifest.xml:29:17-69
37-->src\main\AndroidManifest.xml:29:25-66
38
39                <category android:name="android.intent.category.LAUNCHER" />
39-->src\main\AndroidManifest.xml:31:17-77
39-->src\main\AndroidManifest.xml:31:27-74
40            </intent-filter>
41
42            <meta-data
42-->src\main\AndroidManifest.xml:21:13-23:36
43                android:name="android.app.lib_name"
43-->src\main\AndroidManifest.xml:22:17-52
44                android:value="" />
44-->src\main\AndroidManifest.xml:23:17-33
45        </activity>
46
47        <provider
47-->[androidx.emoji2:emoji2:1.2.0] AndroidManifest.xml:24:9-32:20
48            android:name="androidx.startup.InitializationProvider"
48-->[androidx.emoji2:emoji2:1.2.0] AndroidManifest.xml:25:13-67
49            android:authorities="com.example.middle_retrofit.androidx-startup"
49-->[androidx.emoji2:emoji2:1.2.0] AndroidManifest.xml:26:13-68
50            android:exported="false" >
50-->[androidx.emoji2:emoji2:1.2.0] AndroidManifest.xml:27:13-37
51            <meta-data
51-->[androidx.emoji2:emoji2:1.2.0] AndroidManifest.xml:29:13-31:52
52                android:name="androidx.emoji2.text.EmojiCompatInitializer"
52-->[androidx.emoji2:emoji2:1.2.0] AndroidManifest.xml:30:17-75
53                android:value="androidx.startup" />
53-->[androidx.emoji2:emoji2:1.2.0] AndroidManifest.xml:31:17-49
54            <meta-data
54-->[androidx.lifecycle:lifecycle-process:2.4.1] AndroidManifest.xml:31:13-33:52
55                android:name="androidx.lifecycle.ProcessLifecycleInitializer"
55-->[androidx.lifecycle:lifecycle-process:2.4.1] AndroidManifest.xml:32:17-78
56                android:value="androidx.startup" />
56-->[androidx.lifecycle:lifecycle-process:2.4.1] AndroidManifest.xml:33:17-49
57        </provider>
58    </application>
59
60</manifest>